   1               		.file	"Descriptors.c"
   2               	__SREG__ = 0x3f
   3               	__SP_H__ = 0x3e
   4               	__SP_L__ = 0x3d
   5               	__tmp_reg__ = 0
   6               	__zero_reg__ = 1
   7               		.global __do_copy_data
   8               		.global __do_clear_bss
  16               	.Ltext0:
  17               		.section	.text.CALLBACK_USB_GetDescriptor,"ax",@progbits
  18               	.global	CALLBACK_USB_GetDescriptor
  20               	CALLBACK_USB_GetDescriptor:
  21               	.LFB65:
  22               	.LSM0:
  23               	.LVL0:
  24               	/* prologue: function */
  25               	/* frame size = 0 */
  26               	/* stack size = 0 */
  27               	.L__stack_usage = 0
  28               	.LSM1:
  29 0000 9330      		cpi r25,lo8(3)
  30 0002 01F0      		breq .L5
  31 0004 9430      		cpi r25,lo8(4)
  32 0006 00F4      		brsh .L8
  33 0008 9130      		cpi r25,lo8(1)
  34 000a 01F0      		breq .L12
  35 000c 9230      		cpi r25,lo8(2)
  36 000e 01F4      		brne .L14
  37 0010 00C0      		rjmp .L16
  38               	.L8:
  39 0012 9132      		cpi r25,lo8(33)
  40 0014 01F0      		breq .L6
  41 0016 9232      		cpi r25,lo8(34)
  42 0018 01F4      		brne .L14
  43 001a 00C0      		rjmp .L7
  44               	.L16:
  45               	.LVL1:
  46               	.LSM2:
  47 001c 22E2      		ldi r18,lo8(34)
  48 001e 30E0      		ldi r19,hi8(34)
  49               	.LSM3:
  50 0020 E0E0      		ldi r30,lo8(ConfigurationDescriptor)
  51 0022 F0E0      		ldi r31,hi8(ConfigurationDescriptor)
  52               	.LSM4:
  53 0024 00C0      		rjmp .L3
  54               	.LVL2:
  55               	.L5:
  56               	.LSM5:
  57 0026 8130      		cpi r24,lo8(1)
  58 0028 01F0      		breq .L10
  59 002a 8130      		cpi r24,lo8(1)
  60 002c 00F0      		brlo .L9
  61 002e 8230      		cpi r24,lo8(2)
  62 0030 01F4      		brne .L14
  63 0032 00C0      		rjmp .L17
  64               	.L9:
  65               	.LVL3:
  66               	.LBB2:
  67               	.LSM6:
  68 0034 E0E0      		ldi r30,lo8(LanguageString)
  69 0036 F0E0      		ldi r31,hi8(LanguageString)
  70 0038 00C0      		rjmp .L15
  71               	.LVL4:
  72               	.L10:
  73               	.LBE2:
  74               	.LBB3:
  75               	.LSM7:
  76 003a E0E0      		ldi r30,lo8(ManufacturerString)
  77 003c F0E0      		ldi r31,hi8(ManufacturerString)
  78 003e 00C0      		rjmp .L15
  79               	.LVL5:
  80               	.L17:
  81               	.LBE3:
  82               	.LBB4:
  83               	.LSM8:
  84 0040 E0E0      		ldi r30,lo8(ProductString)
  85 0042 F0E0      		ldi r31,hi8(ProductString)
  86               	.LVL6:
  87               	.L15:
  88               	/* #APP */
  89               	 ;  235 "Descriptors.c" 1
  90 0044 2491      		lpm r18, Z
  91               		
  92               	 ;  0 "" 2
  93               	.LVL7:
  94               	/* #NOAPP */
  95               	.LBE4:
  96 0046 30E0      		ldi r19,lo8(0)
  97               	.LVL8:
  98               	.LSM9:
  99 0048 00C0      		rjmp .L3
 100               	.LVL9:
 101               	.L6:
 102               	.LSM10:
 103 004a 29E0      		ldi r18,lo8(9)
 104 004c 30E0      		ldi r19,hi8(9)
 105               	.LSM11:
 106 004e E0E0      		ldi r30,lo8(ConfigurationDescriptor+18)
 107 0050 F0E0      		ldi r31,hi8(ConfigurationDescriptor+18)
 108               	.LSM12:
 109 0052 00C0      		rjmp .L3
 110               	.LVL10:
 111               	.L7:
 112               	.LSM13:
 113 0054 23E3      		ldi r18,lo8(51)
 114 0056 30E0      		ldi r19,hi8(51)
 115               	.LSM14:
 116 0058 E0E0      		ldi r30,lo8(JoystickReport)
 117 005a F0E0      		ldi r31,hi8(JoystickReport)
 118               	.LSM15:
 119 005c 00C0      		rjmp .L3
 120               	.LVL11:
 121               	.L12:
 122               	.LSM16:
 123 005e 22E1      		ldi r18,lo8(18)
 124 0060 30E0      		ldi r19,hi8(18)
 125               	.LSM17:
 126 0062 E0E0      		ldi r30,lo8(DeviceDescriptor)
 127 0064 F0E0      		ldi r31,hi8(DeviceDescriptor)
 128 0066 00C0      		rjmp .L3
 129               	.L14:
 130               	.LSM18:
 131 0068 20E0      		ldi r18,lo8(0)
 132 006a 30E0      		ldi r19,hi8(0)
 133               	.LSM19:
 134 006c E0E0      		ldi r30,lo8(0)
 135 006e F0E0      		ldi r31,hi8(0)
 136               	.LVL12:
 137               	.L3:
 138               	.LSM20:
 139 0070 DA01      		movw r26,r20
 140 0072 1196      		adiw r26,1
 141 0074 FC93      		st X,r31
 142 0076 EE93      		st -X,r30
 143               	.LSM21:
 144 0078 C901      		movw r24,r18
 145               	.LVL13:
 146               	/* epilogue start */
 147 007a 0895      		ret
 148               	.LFE65:
 150               	.global	JoystickReport
 151               		.section	.progmem.data,"a",@progbits
 154               	JoystickReport:
 155 0000 05        		.byte	5
 156 0001 01        		.byte	1
 157 0002 09        		.byte	9
 158 0003 05        		.byte	5
 159 0004 A1        		.byte	-95
 160 0005 01        		.byte	1
 161 0006 A1        		.byte	-95
 162 0007 00        		.byte	0
 163 0008 05        		.byte	5
 164 0009 09        		.byte	9
 165 000a 19        		.byte	25
 166 000b 01        		.byte	1
 167 000c 29        		.byte	41
 168 000d 10        		.byte	16
 169 000e 15        		.byte	21
 170 000f 00        		.byte	0
 171 0010 25        		.byte	37
 172 0011 01        		.byte	1
 173 0012 95        		.byte	-107
 174 0013 10        		.byte	16
 175 0014 75        		.byte	117
 176 0015 01        		.byte	1
 177 0016 81        		.byte	-127
 178 0017 02        		.byte	2
 179 0018 05        		.byte	5
 180 0019 01        		.byte	1
 181 001a 09        		.byte	9
 182 001b 30        		.byte	48
 183 001c 09        		.byte	9
 184 001d 31        		.byte	49
 185 001e 09        		.byte	9
 186 001f 33        		.byte	51
 187 0020 09        		.byte	9
 188 0021 34        		.byte	52
 189 0022 09        		.byte	9
 190 0023 35        		.byte	53
 191 0024 09        		.byte	9
 192 0025 36        		.byte	54
 193 0026 15        		.byte	21
 194 0027 00        		.byte	0
 195 0028 26        		.byte	38
 196 0029 FF        		.byte	-1
 197 002a 00        		.byte	0
 198 002b 75        		.byte	117
 199 002c 08        		.byte	8
 200 002d 95        		.byte	-107
 201 002e 06        		.byte	6
 202 002f 81        		.byte	-127
 203 0030 02        		.byte	2
 204 0031 C0        		.byte	-64
 205 0032 C0        		.byte	-64
 206               	.global	DeviceDescriptor
 209               	DeviceDescriptor:
 210 0033 12        		.byte	18
 211 0034 01        		.byte	1
 212 0035 1001      		.word	272
 213 0037 00        		.byte	0
 214 0038 00        		.byte	0
 215 0039 00        		.byte	0
 216 003a 08        		.byte	8
 217 003b EB03      		.word	1003
 218 003d 4320      		.word	8259
 219 003f 0000      		.word	0
 220 0041 01        		.byte	1
 221 0042 02        		.byte	2
 222 0043 00        		.byte	0
 223 0044 01        		.byte	1
 224               	.global	ConfigurationDescriptor
 227               	ConfigurationDescriptor:
 228 0045 09        		.byte	9
 229 0046 02        		.byte	2
 230 0047 2200      		.word	34
 231 0049 01        		.byte	1
 232 004a 01        		.byte	1
 233 004b 00        		.byte	0
 234 004c C0        		.byte	-64
 235 004d 32        		.byte	50
 236 004e 09        		.byte	9
 237 004f 04        		.byte	4
 238 0050 00        		.byte	0
 239 0051 00        		.byte	0
 240 0052 01        		.byte	1
 241 0053 03        		.byte	3
 242 0054 00        		.byte	0
 243 0055 00        		.byte	0
 244 0056 00        		.byte	0
 245 0057 09        		.byte	9
 246 0058 21        		.byte	33
 247 0059 1101      		.word	273
 248 005b 00        		.byte	0
 249 005c 01        		.byte	1
 250 005d 22        		.byte	34
 251 005e 3300      		.word	51
 252 0060 07        		.byte	7
 253 0061 05        		.byte	5
 254 0062 81        		.byte	-127
 255 0063 03        		.byte	3
 256 0064 0800      		.word	8
 257 0066 07        		.byte	7
 258               	.global	LanguageString
 261               	LanguageString:
 262 0067 04        		.byte	4
 263 0068 03        		.byte	3
 264 0069 0904      		.word	1033
 265               	.global	ManufacturerString
 268               	ManufacturerString:
 269 006b 0C        		.byte	12
 270 006c 03        		.byte	3
 271 006d 4600      		.string	"F"
 272 006f 6900      		.string	"i"
 273 0071 7A00      		.string	"z"
 274 0073 7A00      		.string	"z"
 275 0075 6900      		.string	"i"
 276 0077 00        		.string	""
 277 0078 00        		.string	""
 278               	.global	ProductString
 281               	ProductString:
 282 0079 24        		.byte	36
 283 007a 03        		.byte	3
 284 007b 4600      		.string	"F"
 285 007d 6900      		.string	"i"
 286 007f 7A00      		.string	"z"
 287 0081 7A00      		.string	"z"
 288 0083 6900      		.string	"i"
 289 0085 2700      		.string	"'"
 290 0087 7300      		.string	"s"
 291 0089 2000      		.string	" "
 292 008b 4700      		.string	"G"
 293 008d 4300      		.string	"C"
 294 008f 2000      		.string	" "
 295 0091 7400      		.string	"t"
 296 0093 6F00      		.string	"o"
 297 0095 2000      		.string	" "
 298 0097 5500      		.string	"U"
 299 0099 5300      		.string	"S"
 300 009b 4200      		.string	"B"
 301 009d 00        		.string	""
 302 009e 00        		.string	""
 327               	.Letext0:
DEFINED SYMBOLS
                            *ABS*:0000000000000000 Descriptors.c
     /tmp/cc7ZfjYd.s:2      *ABS*:000000000000003f __SREG__
     /tmp/cc7ZfjYd.s:3      *ABS*:000000000000003e __SP_H__
     /tmp/cc7ZfjYd.s:4      *ABS*:000000000000003d __SP_L__
     /tmp/cc7ZfjYd.s:5      *ABS*:0000000000000000 __tmp_reg__
     /tmp/cc7ZfjYd.s:6      *ABS*:0000000000000001 __zero_reg__
     /tmp/cc7ZfjYd.s:20     .text.CALLBACK_USB_GetDescriptor:0000000000000000 CALLBACK_USB_GetDescriptor
     /tmp/cc7ZfjYd.s:227    .progmem.data:0000000000000045 ConfigurationDescriptor
     /tmp/cc7ZfjYd.s:261    .progmem.data:0000000000000067 LanguageString
     /tmp/cc7ZfjYd.s:268    .progmem.data:000000000000006b ManufacturerString
     /tmp/cc7ZfjYd.s:281    .progmem.data:0000000000000079 ProductString
     /tmp/cc7ZfjYd.s:154    .progmem.data:0000000000000000 JoystickReport
     /tmp/cc7ZfjYd.s:209    .progmem.data:0000000000000033 DeviceDescriptor

UNDEFINED SYMBOLS
__do_copy_data
__do_clear_bss
